Log file open, 11/13/14 18:44:25
LogInit:Display: Running engine for game: StoreDataBlueprint
LogInit: Version: 4.5.1-2336687+++depot+UE4-Releases+4.5
LogInit: API Version: 2326478
LogInit: Compiled (64-bit): Oct 21 2014 22:32:40
LogInit: Compiled with Visual C++: 18.00.21005.01
LogInit: Build Configuration: Development
LogInit: Branch Name: ++depot+UE4-Releases+4.5
LogInit: Command line:  -game
LogInit: Base directory: C:/Program Files/Epic Games/4.5/Engine/Binaries/Win64/
LogInit: Rocket: 1
[2014.11.13-23.44.25:494][  0]LogTaskGraph: Started task graph with 3 named threads and 4 total threads.
[2014.11.13-23.44.25:525][  0]LogOnline:Warning: No default platform service specified for OnlineSubsystem
[2014.11.13-23.44.25:554][  0]LogInit: Presizing for 0 objects not considered by GC, pre-allocating 0 bytes.
[2014.11.13-23.44.25:561][  0]LogInit: Object subsystem initialized
[2014.11.13-23.44.25:563][  0]LogConsoleResponse:Warning: Skipping Unknown console variable: 'UIScaleRule = ShortestSide'
[2014.11.13-23.44.25:563][  0]LogConsoleResponse:Warning:   Found in ini file 'C:/Users/Alex/Documents/GitHub/TimeCop2ElectricBoogalo/Assets/StoreDataBlueprint 4.5/Saved/Config/Windows/Engine.ini', in section '[/Script/Engine.RendererSettings]'
[2014.11.13-23.44.25:563][  0]LogConsoleResponse:Warning: Skipping Unknown console variable: 'UIScaleCurve = (EditorCurveData=(Keys=((Time=480,Value=0.444),(Time=720,Value=0.666),(Time=1080,Value=1.0),(Time=8640,Value=8.0))),ExternalCurve=None)'
[2014.11.13-23.44.25:563][  0]LogConsoleResponse:Warning:   Found in ini file 'C:/Users/Alex/Documents/GitHub/TimeCop2ElectricBoogalo/Assets/StoreDataBlueprint 4.5/Saved/Config/Windows/Engine.ini', in section '[/Script/Engine.RendererSettings]'
[2014.11.13-23.44.25:564][  0]LogInit: Selected Device Profile: [Windows]
[2014.11.13-23.44.25:564][  0]LogInit: Applying CVar settings loaded from the selected device profile: [Windows]
[2014.11.13-23.44.25:570][  0]LogInit: Computer: CROW_NEST
[2014.11.13-23.44.25:570][  0]LogInit: User: Alex
[2014.11.13-23.44.25:570][  0]LogInit: CPU Page size=4096, Cores=4
[2014.11.13-23.44.25:570][  0]LogInit: High frequency timer resolution =3.515673 MHz
[2014.11.13-23.44.25:570][  0]LogMemory: Memory total: Physical=15.9GB (16GB approx) Virtual=8192.0GB
[2014.11.13-23.44.25:571][  0]LogMemory: Platform Memory Stats for Windows
[2014.11.13-23.44.25:571][  0]LogMemory: Process Physical Memory: 64.02 MB used, 64.02 MB peak
[2014.11.13-23.44.25:571][  0]LogMemory: Process Virtual Memory: 39.40 MB used, 39.40 MB peak
[2014.11.13-23.44.25:571][  0]LogMemory: Physical Memory: 5629.02 MB used, 16239.16 MB total
[2014.11.13-23.44.25:571][  0]LogMemory: Virtual Memory: 272.06 MB used, 8388608.00 MB total
[2014.11.13-23.44.25:606][  0]LogD3D11RHI: Found D3D11 adapter 0: NVIDIA GeForce GTX 750 (Feature Level 11_0)
[2014.11.13-23.44.25:606][  0]LogD3D11RHI: Adapter has 953MB of dedicated video memory, 0MB of dedicated system memory, and 3072MB of shared system memory, 1 output[s]
[2014.11.13-23.44.25:606][  0]LogD3D11RHI: Chosen D3D11 Adapter Id = 0
[2014.11.13-23.44.25:611][  0]LogRHI: Texture pool is 667 MB (70% of 953 MB)
[2014.11.13-23.44.25:620][  0]LogD3D11RHI: Async texture creation enabled
[2014.11.13-23.44.25:695][  0]LogTextLocalizationManager: The requested culture ('en_US') has no localization data; parent culture's ('en') localization data will be used.
[2014.11.13-23.44.25:806][  0]LogContentStreaming: Texture pool size is 1000.000000MB
[2014.11.13-23.44.29:817][  0]LogTargetPlatformManager:Display: Building Assets For Windows
[2014.11.13-23.44.30:243][  0]LogTargetPlatformManager:Display: Building Assets For Windows
[2014.11.13-23.44.30:296][  0]LogDerivedDataCache:Display: Max Cache Size: 512 MB
[2014.11.13-23.44.30:330][  0]LogDerivedDataCache: Loaded boot cache 0.03s 39MB C:/Users/Alex/AppData/Local/UnrealEngine/4.5/DerivedDataCache/Boot.ddc.
[2014.11.13-23.44.30:330][  0]LogDerivedDataCache:Display: Loaded Boot cache: C:/Users/Alex/AppData/Local/UnrealEngine/4.5/DerivedDataCache/Boot.ddc
[2014.11.13-23.44.30:331][  0]LogDerivedDataCache: FDerivedDataBackendGraph:  Pak pak cache file ../../../../../../Users/Alex/Documents/GitHub/TimeCop2ElectricBoogalo/Assets/StoreDataBlueprint 4.5/DerivedDataCache/DDC.ddp not found, will not use a pak cache.
[2014.11.13-23.44.30:331][  0]LogDerivedDataCache: Unable to find inner node Pak for hierarchical cache Hierarchy.
[2014.11.13-23.44.30:381][  0]LogDerivedDataCache:Display: Pak cache opened for reading ../../../Engine/DerivedDataCache/DDC.ddp.
[2014.11.13-23.44.30:393][  0]LogDerivedDataCache: Using Local data cache path C:/Users/Alex/AppData/Local/UnrealEngine/Common/DerivedDataCache: Writable
[2014.11.13-23.44.30:540][  0]LogMeshUtilities: No automatic mesh reduction module available
[2014.11.13-23.44.30:540][  0]LogMeshUtilities: No automatic mesh merging module available
[2014.11.13-23.44.30:720][  0]LogLinker:Warning: Asset '../../../Engine/Content/Functions/Engine_MaterialFunctions02/Texturing/FlipBook.uasset' has been saved with empty engine version. The asset will be loaded but may be incompatible.
[2014.11.13-23.44.30:723][  0]LogLinker:Warning: Asset '../../../Engine/Content/Functions/Engine_MaterialFunctions02/ExampleContent/Textures/flipbook.uasset' has been saved with empty engine version. The asset will be loaded but may be incompatible.
[2014.11.13-23.44.30:847][  0]LogInit: WinSock: version 1.1 (2.2), MaxSocks=32767, MaxUdp=65467
[2014.11.13-23.44.31:671][  0]LogWindowsMoviePlayer: Unable to load movie: ../../../../../../Users/Alex/Documents/GitHub/TimeCop2ElectricBoogalo/Assets/StoreDataBlueprint 4.5/Content/Movies/Default_Startup.mp4
[2014.11.13-23.44.31:816][  0]SourceControl: Info Source control is disabled
[2014.11.13-23.44.31:816][  0]SourceControl: Info Source control is disabled
[2014.11.13-23.44.31:826][  0]SourceControl: Info Source control is disabled
[2014.11.13-23.44.31:872][  0]LogDirectoryWatcher:Warning: Failed to begin reading directory changes for C:/Users/Alex/Documents/GitHub/TimeCop2ElectricBoogalo/Assets/StoreDataBlueprint 4.5/Binaries/Win64. Error: 0
[2014.11.13-23.44.31:924][  0]LogObj: 22484 objects as part of root set at end of initial load.
[2014.11.13-23.44.31:924][  0]LogUObjectAllocator: 4532696 out of 0 bytes used by permanent object pool.
[2014.11.13-23.44.31:981][  0]LogAutomationTest:Warning: ERR: Transient text cannot be serialized "Testing Transient serialization detection".
[2014.11.13-23.44.31:981][  0]LogEngine: Initializing Engine...
[2014.11.13-23.44.33:984][  0]LogHMD:Warning: No Oculus HMD detected! Is Oculus Run-Time installed and service is running?
[2014.11.13-23.44.33:994][  0]LogHMD: Oculus shutdown.
[2014.11.13-23.44.34:092][  0]LogInit: XAudio2 using 'Speakers (Realtek High Definition Audio)' : 2 channels at 48 kHz using 32 bits per sample (channel mask 0x3)
[2014.11.13-23.44.34:102][  0]LogInit: FAudioDevice initialized.
[2014.11.13-23.44.34:120][  0]LogDerivedDataCache: Saved boot cache 0.02s 39MB C:/Users/Alex/AppData/Local/UnrealEngine/4.5/DerivedDataCache/Boot.ddc.
[2014.11.13-23.44.34:122][  0]LogInit: Texture streaming: Enabled
[2014.11.13-23.44.34:210][  0]LogNet: Browse: /Game/Maps/Example_Map?Name=Player
[2014.11.13-23.44.34:211][  0]LogLoad: LoadMap: /Game/Maps/Example_Map?Name=Player
[2014.11.13-23.44.34:222][  0]LogMemory: Platform Memory Stats for Windows
[2014.11.13-23.44.34:222][  0]LogMemory: Process Physical Memory: 299.00 MB used, 327.37 MB peak
[2014.11.13-23.44.34:222][  0]LogMemory: Process Virtual Memory: 258.04 MB used, 288.92 MB peak
[2014.11.13-23.44.34:222][  0]LogMemory: Physical Memory: 5851.41 MB used, 16239.16 MB total
[2014.11.13-23.44.34:222][  0]LogMemory: Virtual Memory: 671.28 MB used, 8388608.00 MB total
[2014.11.13-23.44.34:222][  0]LogMemory: 
[2014.11.13-23.44.34:222][  0]Allocator Stats for TBB: (not implemented)
[2014.11.13-23.44.34:691][  0]BlueprintLog:Warning: Warning Blueprint MyGame has been migrated and requires re-saving to avoid import errors
[2014.11.13-23.44.34:725][  0]BlueprintLog:Warning: Warning Blueprint MyHUD has been migrated and requires re-saving to avoid import errors
[2014.11.13-23.44.34:727][  0]LogWorld: Game class is 'MyGame_C'
[2014.11.13-23.44.34:753][  0]LogAIModule: Creating AISystem for world Example_Map
[2014.11.13-23.44.34:756][  0]LogWorld: Bringing World /Game/Maps/Example_Map.Example_Map up for play (max tick rate 0) at 2014.11.13-18.44.34
[2014.11.13-23.44.34:756][  0]LogWorld: Bringing up level for play took: 0.002551
[2014.11.13-23.44.34:760][  0]LogInit:Display: Game Engine Initialized.
[2014.11.13-23.44.34:985][  0]LogLoad: Full Startup: 11.56 seconds (BP compile: 0.24 seconds)
[2014.11.13-23.44.35:059][  2]LogRenderer:Warning: Reallocating scene render targets to support 1600x904.
[2014.11.13-23.44.38:203][116]LogBlueprintUserMessages: 115
[2014.11.13-23.44.42:097][281]LogBlueprintUserMessages: 280
[2014.11.13-23.44.53:846][772]LogNet: Browse: 127.0.0.1//Game/Maps/Example_Map
[2014.11.13-23.44.53:846][772]LogInit: WinSock: Socket queue 32768 / 32768
[2014.11.13-23.44.53:857][772]LogInit: WinSock: I am Crow_Nest (10.41.34.145:0)
[2014.11.13-23.44.53:857][772]LogNet: Game client on port 7777, rate 10000
[2014.11.13-23.44.53:910][775]LogNet: Welcomed by server (Level: /Game/Maps/Example_Map, Game: /Game/Blueprints/MyGame.MyGame_C)
[2014.11.13-23.44.53:933][775]LogLoad: LoadMap: 127.0.0.1//Game/Maps/Example_Map?game=/Game/Blueprints/MyGame.MyGame_C
[2014.11.13-23.44.53:952][775]LogParticles: Destroying 0 GPU particle simulations for FXSystem 0x000000000B17D260
[2014.11.13-23.44.53:971][775]LogMemory: Platform Memory Stats for Windows
[2014.11.13-23.44.53:971][775]LogMemory: Process Physical Memory: 375.22 MB used, 376.72 MB peak
[2014.11.13-23.44.53:971][775]LogMemory: Process Virtual Memory: 314.27 MB used, 320.94 MB peak
[2014.11.13-23.44.53:971][775]LogMemory: Physical Memory: 5951.45 MB used, 16239.16 MB total
[2014.11.13-23.44.53:971][775]LogMemory: Virtual Memory: 734.67 MB used, 8388608.00 MB total
[2014.11.13-23.44.53:971][775]LogMemory: 
[2014.11.13-23.44.53:971][775]Allocator Stats for TBB: (not implemented)
[2014.11.13-23.44.54:135][775]LogWorld: Bringing World /Game/Maps/Example_Map.Example_Map up for play (max tick rate 0) at 2014.11.13-18.44.54
[2014.11.13-23.44.54:135][775]LogWorld: Bringing up level for play took: 0.001242
[2014.11.13-23.44.54:175][777]BlueprintLog:Warning: Warning Blueprint MyHUD has been migrated and requires re-saving to avoid import errors
[2014.11.13-23.44.54:572][779]BlueprintLog:Warning: Warning Blueprint MyGame has been migrated and requires re-saving to avoid import errors
[2014.11.13-23.45.02:667][131]LogEngine: All Windows Closed
[2014.11.13-23.45.02:667][131]LogWindows: FPlatformMisc::RequestExit(0)
[2014.11.13-23.45.02:802][132]LogExit: Preparing to exit.
[2014.11.13-23.45.02:895][132]LogNet: UChannel::CleanUp: [GameNetDriver] [None] [None]. ChIndex == 0. Closing connection.
[2014.11.13-23.45.02:895][132]LogNet: UNetConnection::Close: Name: None, Driver: GameNetDriver None, PC: None, Owner: None, Channels: 5, RemoteAddr: 127.0.0.1:7777, Time: 2014.11.13-23.45.02
[2014.11.13-23.45.02:895][132]LogNet: UChannel::Close: Sending CloseBunch. ChIndex == 0. Name: ControlChannel_0
[2014.11.13-23.45.02:899][132]LogExit: Game engine shut down
[2014.11.13-23.45.02:901][132]LogParticles: Destroying 0 GPU particle simulations for FXSystem 0x000000000E3AB100
[2014.11.13-23.45.02:901][132]LogExit: GameNetDriver None shut down
[2014.11.13-23.45.02:921][132]LogExit: Object subsystem successfully closed.
[2014.11.13-23.45.02:966][132]LogModuleManager: Shutting down and abandoning module AndroidDeviceDetection (94)
[2014.11.13-23.45.02:966][132]LogModuleManager: Shutting down and abandoning module AutomationWorker (93)
[2014.11.13-23.45.02:966][132]LogModuleManager: Shutting down and abandoning module CharacterAI (92)
[2014.11.13-23.45.02:966][132]LogModuleManager: Shutting down and abandoning module GameplayDebugger (91)
[2014.11.13-23.45.02:966][132]LogModuleManager: Shutting down and abandoning module AIModule (90)
[2014.11.13-23.45.02:966][132]LogModuleManager: Shutting down and abandoning module GameLiveStreaming (89)
[2014.11.13-23.45.02:966][132]LogModuleManager: Shutting down and abandoning module StreamingPauseRendering (88)
[2014.11.13-23.45.02:966][132]LogModuleManager: Shutting down and abandoning module HTTP (87)
[2014.11.13-23.45.02:967][132]LogModuleManager: Shutting down and abandoning module AnalyticsET (86)
[2014.11.13-23.45.02:967][132]LogModuleManager: Shutting down and abandoning module Analytics (85)
[2014.11.13-23.45.02:967][132]LogModuleManager: Shutting down and abandoning module ProfilerService (84)
[2014.11.13-23.45.03:215][132]LogModuleManager: Shutting down and abandoning module TaskGraph (83)
[2014.11.13-23.45.03:215][132]LogModuleManager: Shutting down and abandoning module SlateRemote (82)
[2014.11.13-23.45.03:215][132]LogModuleManager: Shutting down and abandoning module CustomMeshComponent (81)
[2014.11.13-23.45.03:215][132]LogModuleManager: Shutting down and abandoning module CableComponent (80)
[2014.11.13-23.45.03:215][132]LogModuleManager: Shutting down and abandoning module DesktopPlatform (79)
[2014.11.13-23.45.03:215][132]LogModuleManager: Shutting down and abandoning module DirectoryWatcher (78)
[2014.11.13-23.45.03:215][132]LogModuleManager: Shutting down and abandoning module HotReload (77)
[2014.11.13-23.45.03:215][132]LogModuleManager: Shutting down and abandoning module VisualStudioSourceCodeAccess (76)
[2014.11.13-23.45.03:215][132]LogModuleManager: Shutting down and abandoning module UObjectPlugin (75)
[2014.11.13-23.45.03:215][132]LogModuleManager: Shutting down and abandoning module SubversionSourceControl (74)
[2014.11.13-23.45.03:215][132]LogModuleManager: Shutting down and abandoning module SourceControl (73)
[2014.11.13-23.45.03:215][132]LogModuleManager: Shutting down and abandoning module PerforceSourceControl (72)
[2014.11.13-23.45.03:215][132]LogModuleManager: Shutting down and abandoning module BlankPlugin (71)
[2014.11.13-23.45.03:215][132]LogModuleManager: Shutting down and abandoning module ScriptPlugin (70)
[2014.11.13-23.45.03:215][132]LogModuleManager: Shutting down and abandoning module UdpMessaging (69)
[2014.11.13-23.45.03:215][132]LogModuleManager: Shutting down and abandoning module Paper2D (68)
[2014.11.13-23.45.03:215][132]LogModuleManager: Shutting down and abandoning module WindowsMoviePlayer (67)
[2014.11.13-23.45.03:215][132]LogModuleManager: Shutting down and abandoning module Media (66)
[2014.11.13-23.45.03:215][132]LogModuleManager: Shutting down and abandoning module WmfMedia (65)
[2014.11.13-23.45.03:215][132]LogModuleManager: Shutting down and abandoning module OnlineBlueprintSupport (64)
[2014.11.13-23.45.03:215][132]LogModuleManager: Shutting down and abandoning module FunctionalTesting (63)
[2014.11.13-23.45.03:215][132]LogModuleManager: Shutting down and abandoning module CollisionAnalyzer (62)
[2014.11.13-23.45.03:215][132]LogModuleManager: Shutting down and abandoning module WorkspaceMenuStructure (61)
[2014.11.13-23.45.03:215][132]LogModuleManager: Shutting down and abandoning module MessageLog (60)
[2014.11.13-23.45.03:215][132]LogModuleManager: Shutting down and abandoning module Sequencer (59)
[2014.11.13-23.45.03:215][132]LogModuleManager: Shutting down and abandoning module AssetTools (58)
[2014.11.13-23.45.03:215][132]LogModuleManager: Shutting down and abandoning module UMGEditor (57)
[2014.11.13-23.45.03:215][132]LogModuleManager: Shutting down and abandoning module UMG (56)
[2014.11.13-23.45.03:215][132]LogModuleManager: Shutting down and abandoning module Slate (55)
[2014.11.13-23.45.03:215][132]LogModuleManager: Shutting down and abandoning module EditorStyle (54)
[2014.11.13-23.45.03:217][132]LogModuleManager: Shutting down and abandoning module SessionServices (53)
[2014.11.13-23.45.03:217][132]LogModuleManager: Shutting down and abandoning module SourceCodeAccess (52)
[2014.11.13-23.45.03:217][132]LogModuleManager: Shutting down and abandoning module HeadMountedDisplay (51)
[2014.11.13-23.45.03:217][132]LogModuleManager: Shutting down and abandoning module XAudio2 (50)
[2014.11.13-23.45.03:217][132]LogModuleManager: Shutting down and abandoning module Networking (48)
[2014.11.13-23.45.03:217][132]LogModuleManager: Shutting down and abandoning module Core (47)
[2014.11.13-23.45.03:217][132]LogModuleManager: Shutting down and abandoning module KismetCompiler (46)
[2014.11.13-23.45.03:217][132]LogModuleManager: Shutting down and abandoning module PhysXFormats (45)
[2014.11.13-23.45.03:217][132]LogModuleManager: Shutting down and abandoning module MeshUtilities (44)
[2014.11.13-23.45.03:217][132]LogModuleManager: Shutting down and abandoning module DerivedDataCache (43)
[2014.11.13-23.45.03:385][132]LogDerivedDataCache: Shutdown
[2014.11.13-23.45.03:385][132]LogModuleManager: Shutting down and abandoning module ShaderFormatOpenGL (42)
[2014.11.13-23.45.03:385][132]LogModuleManager: Shutting down and abandoning module ShaderFormatD3D (41)
[2014.11.13-23.45.03:385][132]LogModuleManager: Shutting down and abandoning module MetalShaderFormat (40)
[2014.11.13-23.45.03:385][132]LogModuleManager: Shutting down and abandoning module TextureFormatUncompressed (39)
[2014.11.13-23.45.03:385][132]LogModuleManager: Shutting down and abandoning module TextureFormatPVR (38)
[2014.11.13-23.45.03:385][132]LogModuleManager: Shutting down and abandoning module TextureFormatDXT (37)
[2014.11.13-23.45.03:385][132]LogModuleManager: Shutting down and abandoning module TextureFormatAndroid (36)
[2014.11.13-23.45.03:385][132]LogModuleManager: Shutting down and abandoning module AudioFormatOpus (35)
[2014.11.13-23.45.03:385][132]LogModuleManager: Shutting down and abandoning module AudioFormatOgg (34)
[2014.11.13-23.45.03:385][132]LogModuleManager: Shutting down and abandoning module AudioFormatADPCM (33)
[2014.11.13-23.45.03:385][132]LogModuleManager: Shutting down and abandoning module Messaging (32)
[2014.11.13-23.45.03:385][132]LogModuleManager: Shutting down and abandoning module IOSTargetPlatform (31)
[2014.11.13-23.45.03:385][132]LogModuleManager: Shutting down and abandoning module Android_PVRTCTargetPlatform (30)
[2014.11.13-23.45.03:385][132]LogModuleManager: Shutting down and abandoning module Android_ETC2TargetPlatform (29)
[2014.11.13-23.45.03:385][132]LogModuleManager: Shutting down and abandoning module Android_ETC1TargetPlatform (28)
[2014.11.13-23.45.03:385][132]LogModuleManager: Shutting down and abandoning module Android_DXTTargetPlatform (27)
[2014.11.13-23.45.03:385][132]LogModuleManager: Shutting down and abandoning module Android_ATCTargetPlatform (26)
[2014.11.13-23.45.03:385][132]LogModuleManager: Shutting down and abandoning module AndroidTargetPlatform (25)
[2014.11.13-23.45.03:385][132]LogModuleManager: Shutting down and abandoning module WindowsTargetPlatform (24)
[2014.11.13-23.45.03:385][132]LogModuleManager: Shutting down and abandoning module WindowsServerTargetPlatform (23)
[2014.11.13-23.45.03:385][132]LogModuleManager: Shutting down and abandoning module WindowsNoEditorTargetPlatform (22)
[2014.11.13-23.45.03:385][132]LogModuleManager: Shutting down and abandoning module WindowsClientTargetPlatform (21)
[2014.11.13-23.45.03:385][132]LogModuleManager: Shutting down and abandoning module TargetPlatform (20)
[2014.11.13-23.45.03:385][132]LogModuleManager: Shutting down and abandoning module InputCore (19)
[2014.11.13-23.45.03:385][132]LogModuleManager: Shutting down and abandoning module Settings (18)
[2014.11.13-23.45.03:385][132]LogModuleManager: Shutting down and abandoning module ImageWrapper (17)
[2014.11.13-23.45.03:385][132]LogModuleManager: Shutting down and abandoning module OculusRift (14)
[2014.11.13-23.45.03:385][132]LogModuleManager: Shutting down and abandoning module ExampleDeviceProfileSelector (13)
[2014.11.13-23.45.03:385][132]LogModuleManager: Shutting down and abandoning module TextureCompressor (12)
[2014.11.13-23.45.03:385][132]LogModuleManager: Shutting down and abandoning module ShaderCore (11)
[2014.11.13-23.45.03:385][132]LogModuleManager: Shutting down and abandoning module SlateRHIRenderer (10)
[2014.11.13-23.45.03:385][132]LogModuleManager: Shutting down and abandoning module OpenGLDrv (9)
[2014.11.13-23.45.03:385][132]LogModuleManager: Shutting down and abandoning module D3D11RHI (8)
[2014.11.13-23.45.03:385][132]LogModuleManager: Shutting down and abandoning module Renderer (7)
[2014.11.13-23.45.03:385][132]LogModuleManager: Shutting down and abandoning module Engine (6)
[2014.11.13-23.45.03:385][132]LogModuleManager: Shutting down and abandoning module CoreUObject (5)
[2014.11.13-23.45.03:385][132]LogModuleManager: Shutting down and abandoning module NetworkFile (4)
[2014.11.13-23.45.03:385][132]LogModuleManager: Shutting down and abandoning module StreamingFile (3)
[2014.11.13-23.45.03:385][132]LogModuleManager: Shutting down and abandoning module SandboxFile (2)
[2014.11.13-23.45.03:385][132]LogModuleManager: Shutting down and abandoning module PakFile (1)
[2014.11.13-23.45.03:386][132]LogExit: Exiting.
[2014.11.13-23.45.03:397][132]Log file closed, 11/13/14 18:45:03
