Log file open, 11/13/14 18:38:31
LogInit:Display: Running engine for game: StoreDataBlueprint
LogInit: Version: 4.5.1-2336687+++depot+UE4-Releases+4.5
LogInit: API Version: 2326478
LogInit: Compiled (64-bit): Oct 21 2014 22:32:40
LogInit: Compiled with Visual C++: 18.00.21005.01
LogInit: Build Configuration: Development
LogInit: Branch Name: ++depot+UE4-Releases+4.5
LogInit: Command line:  -game
LogInit: Base directory: C:/Program Files/Epic Games/4.5/Engine/Binaries/Win64/
LogInit: Rocket: 1
[2014.11.13-23.38.31:947][  0]LogTaskGraph: Started task graph with 3 named threads and 4 total threads.
[2014.11.13-23.38.31:978][  0]LogOnline:Warning: No default platform service specified for OnlineSubsystem
[2014.11.13-23.38.32:005][  0]LogInit: Presizing for 0 objects not considered by GC, pre-allocating 0 bytes.
[2014.11.13-23.38.32:014][  0]LogInit: Object subsystem initialized
[2014.11.13-23.38.32:017][  0]LogConsoleResponse:Warning: Skipping Unknown console variable: 'UIScaleRule = ShortestSide'
[2014.11.13-23.38.32:017][  0]LogConsoleResponse:Warning:   Found in ini file 'C:/Users/Alex/Documents/GitHub/TimeCop2ElectricBoogalo/Assets/StoreDataBlueprint 4.5/Saved/Config/Windows/Engine.ini', in section '[/Script/Engine.RendererSettings]'
[2014.11.13-23.38.32:017][  0]LogConsoleResponse:Warning: Skipping Unknown console variable: 'UIScaleCurve = (EditorCurveData=(Keys=((Time=480,Value=0.444),(Time=720,Value=0.666),(Time=1080,Value=1.0),(Time=8640,Value=8.0))),ExternalCurve=None)'
[2014.11.13-23.38.32:017][  0]LogConsoleResponse:Warning:   Found in ini file 'C:/Users/Alex/Documents/GitHub/TimeCop2ElectricBoogalo/Assets/StoreDataBlueprint 4.5/Saved/Config/Windows/Engine.ini', in section '[/Script/Engine.RendererSettings]'
[2014.11.13-23.38.32:017][  0]LogInit: Selected Device Profile: [Windows]
[2014.11.13-23.38.32:017][  0]LogInit: Applying CVar settings loaded from the selected device profile: [Windows]
[2014.11.13-23.38.32:024][  0]LogInit: Computer: CROW_NEST
[2014.11.13-23.38.32:024][  0]LogInit: User: Alex
[2014.11.13-23.38.32:025][  0]LogInit: CPU Page size=4096, Cores=4
[2014.11.13-23.38.32:025][  0]LogInit: High frequency timer resolution =3.515673 MHz
[2014.11.13-23.38.32:025][  0]LogMemory: Memory total: Physical=15.9GB (16GB approx) Virtual=8192.0GB
[2014.11.13-23.38.32:025][  0]LogMemory: Platform Memory Stats for Windows
[2014.11.13-23.38.32:025][  0]LogMemory: Process Physical Memory: 64.05 MB used, 64.05 MB peak
[2014.11.13-23.38.32:025][  0]LogMemory: Process Virtual Memory: 39.41 MB used, 39.41 MB peak
[2014.11.13-23.38.32:025][  0]LogMemory: Physical Memory: 6079.22 MB used, 16239.16 MB total
[2014.11.13-23.38.32:025][  0]LogMemory: Virtual Memory: 273.06 MB used, 8388608.00 MB total
[2014.11.13-23.38.32:075][  0]LogD3D11RHI: Found D3D11 adapter 0: NVIDIA GeForce GTX 750 (Feature Level 11_0)
[2014.11.13-23.38.32:075][  0]LogD3D11RHI: Adapter has 953MB of dedicated video memory, 0MB of dedicated system memory, and 3072MB of shared system memory, 1 output[s]
[2014.11.13-23.38.32:075][  0]LogD3D11RHI: Chosen D3D11 Adapter Id = 0
[2014.11.13-23.38.32:080][  0]LogRHI: Texture pool is 667 MB (70% of 953 MB)
[2014.11.13-23.38.32:088][  0]LogD3D11RHI: Async texture creation enabled
[2014.11.13-23.38.32:188][  0]LogTextLocalizationManager: The requested culture ('en_US') has no localization data; parent culture's ('en') localization data will be used.
[2014.11.13-23.38.32:313][  0]LogContentStreaming: Texture pool size is 1000.000000MB
[2014.11.13-23.38.36:310][  0]LogTargetPlatformManager:Display: Building Assets For Windows
[2014.11.13-23.38.36:779][  0]LogTargetPlatformManager:Display: Building Assets For Windows
[2014.11.13-23.38.36:834][  0]LogDerivedDataCache:Display: Max Cache Size: 512 MB
[2014.11.13-23.38.36:865][  0]LogDerivedDataCache: Loaded boot cache 0.03s 39MB C:/Users/Alex/AppData/Local/UnrealEngine/4.5/DerivedDataCache/Boot.ddc.
[2014.11.13-23.38.36:865][  0]LogDerivedDataCache:Display: Loaded Boot cache: C:/Users/Alex/AppData/Local/UnrealEngine/4.5/DerivedDataCache/Boot.ddc
[2014.11.13-23.38.36:865][  0]LogDerivedDataCache: FDerivedDataBackendGraph:  Pak pak cache file ../../../../../../Users/Alex/Documents/GitHub/TimeCop2ElectricBoogalo/Assets/StoreDataBlueprint 4.5/DerivedDataCache/DDC.ddp not found, will not use a pak cache.
[2014.11.13-23.38.36:865][  0]LogDerivedDataCache: Unable to find inner node Pak for hierarchical cache Hierarchy.
[2014.11.13-23.38.36:917][  0]LogDerivedDataCache:Display: Pak cache opened for reading ../../../Engine/DerivedDataCache/DDC.ddp.
[2014.11.13-23.38.36:928][  0]LogDerivedDataCache: Using Local data cache path C:/Users/Alex/AppData/Local/UnrealEngine/Common/DerivedDataCache: Writable
[2014.11.13-23.38.37:076][  0]LogMeshUtilities: No automatic mesh reduction module available
[2014.11.13-23.38.37:076][  0]LogMeshUtilities: No automatic mesh merging module available
[2014.11.13-23.38.37:245][  0]LogLinker:Warning: Asset '../../../Engine/Content/Functions/Engine_MaterialFunctions02/Texturing/FlipBook.uasset' has been saved with empty engine version. The asset will be loaded but may be incompatible.
[2014.11.13-23.38.37:248][  0]LogLinker:Warning: Asset '../../../Engine/Content/Functions/Engine_MaterialFunctions02/ExampleContent/Textures/flipbook.uasset' has been saved with empty engine version. The asset will be loaded but may be incompatible.
[2014.11.13-23.38.37:369][  0]LogInit: WinSock: version 1.1 (2.2), MaxSocks=32767, MaxUdp=65467
[2014.11.13-23.38.38:178][  0]LogWindowsMoviePlayer: Unable to load movie: ../../../../../../Users/Alex/Documents/GitHub/TimeCop2ElectricBoogalo/Assets/StoreDataBlueprint 4.5/Content/Movies/Default_Startup.mp4
[2014.11.13-23.38.38:321][  0]SourceControl: Info Source control is disabled
[2014.11.13-23.38.38:321][  0]SourceControl: Info Source control is disabled
[2014.11.13-23.38.38:330][  0]SourceControl: Info Source control is disabled
[2014.11.13-23.38.38:377][  0]LogDirectoryWatcher:Warning: Failed to begin reading directory changes for C:/Users/Alex/Documents/GitHub/TimeCop2ElectricBoogalo/Assets/StoreDataBlueprint 4.5/Binaries/Win64. Error: 0
[2014.11.13-23.38.38:433][  0]LogObj: 22484 objects as part of root set at end of initial load.
[2014.11.13-23.38.38:433][  0]LogUObjectAllocator: 4532696 out of 0 bytes used by permanent object pool.
[2014.11.13-23.38.38:490][  0]LogAutomationTest:Warning: ERR: Transient text cannot be serialized "Testing Transient serialization detection".
[2014.11.13-23.38.38:490][  0]LogEngine: Initializing Engine...
[2014.11.13-23.38.41:490][  0]LogHMD:Warning: No Oculus HMD detected! Is Oculus Run-Time installed and service is running?
[2014.11.13-23.38.41:569][  0]LogHMD: Oculus shutdown.
[2014.11.13-23.38.41:669][  0]LogInit: XAudio2 using 'Speakers (Realtek High Definition Audio)' : 2 channels at 48 kHz using 32 bits per sample (channel mask 0x3)
[2014.11.13-23.38.41:678][  0]LogInit: FAudioDevice initialized.
[2014.11.13-23.38.41:699][  0]LogDerivedDataCache: Saved boot cache 0.02s 39MB C:/Users/Alex/AppData/Local/UnrealEngine/4.5/DerivedDataCache/Boot.ddc.
[2014.11.13-23.38.41:701][  0]LogInit: Texture streaming: Enabled
[2014.11.13-23.38.41:794][  0]LogNet: Browse: /Game/Maps/Example_Map?Name=Player
[2014.11.13-23.38.41:816][  0]LogLoad: LoadMap: /Game/Maps/Example_Map?Name=Player
[2014.11.13-23.38.41:830][  0]LogMemory: Platform Memory Stats for Windows
[2014.11.13-23.38.41:830][  0]LogMemory: Process Physical Memory: 299.17 MB used, 329.46 MB peak
[2014.11.13-23.38.41:830][  0]LogMemory: Process Virtual Memory: 257.04 MB used, 289.44 MB peak
[2014.11.13-23.38.41:830][  0]LogMemory: Physical Memory: 6163.16 MB used, 16239.16 MB total
[2014.11.13-23.38.41:830][  0]LogMemory: Virtual Memory: 661.93 MB used, 8388608.00 MB total
[2014.11.13-23.38.41:830][  0]LogMemory: 
[2014.11.13-23.38.41:830][  0]Allocator Stats for TBB: (not implemented)
[2014.11.13-23.38.42:315][  0]BlueprintLog:Warning: Warning Blueprint MyGame has been migrated and requires re-saving to avoid import errors
[2014.11.13-23.38.42:349][  0]BlueprintLog:Warning: Warning Blueprint MyHUD has been migrated and requires re-saving to avoid import errors
[2014.11.13-23.38.42:352][  0]LogWorld: Game class is 'MyGame_C'
[2014.11.13-23.38.42:377][  0]LogAIModule: Creating AISystem for world Example_Map
[2014.11.13-23.38.42:380][  0]LogWorld: Bringing World /Game/Maps/Example_Map.Example_Map up for play (max tick rate 0) at 2014.11.13-18.38.42
[2014.11.13-23.38.42:381][  0]LogWorld: Bringing up level for play took: 0.003274
[2014.11.13-23.38.42:383][  0]LogInit:Display: Game Engine Initialized.
[2014.11.13-23.38.42:615][  0]LogLoad: Full Startup: 12.83 seconds (BP compile: 0.25 seconds)
[2014.11.13-23.38.42:693][  2]LogRenderer:Warning: Reallocating scene render targets to support 1600x904.
[2014.11.13-23.38.49:409][197]LogBlueprintUserMessages: 196
[2014.11.13-23.38.53:736][356]LogCharacterMovement: MyCharacter_C_0 is stuck and failed to move!
[2014.11.13-23.38.53:764][357]LogCharacterMovement: MyCharacter_C_0 is stuck and failed to move!
[2014.11.13-23.38.53:793][358]LogCharacterMovement: MyCharacter_C_0 is stuck and failed to move!
[2014.11.13-23.38.53:820][359]LogCharacterMovement: MyCharacter_C_0 is stuck and failed to move!
[2014.11.13-23.38.53:847][360]LogCharacterMovement: MyCharacter_C_0 is stuck and failed to move!
[2014.11.13-23.38.53:874][361]LogCharacterMovement: MyCharacter_C_0 is stuck and failed to move!
[2014.11.13-23.38.53:900][362]LogCharacterMovement: MyCharacter_C_0 is stuck and failed to move!
[2014.11.13-23.38.53:928][363]LogCharacterMovement: MyCharacter_C_0 is stuck and failed to move!
[2014.11.13-23.38.53:955][364]LogCharacterMovement: MyCharacter_C_0 is stuck and failed to move!
[2014.11.13-23.38.53:982][365]LogCharacterMovement: MyCharacter_C_0 is stuck and failed to move!
[2014.11.13-23.38.54:009][366]LogCharacterMovement: MyCharacter_C_0 is stuck and failed to move!
[2014.11.13-23.38.54:031][367]LogCharacterMovement: MyCharacter_C_0 is stuck and failed to move!
[2014.11.13-23.38.54:054][368]LogCharacterMovement: MyCharacter_C_0 is stuck and failed to move!
[2014.11.13-23.38.54:079][369]LogCharacterMovement: MyCharacter_C_0 is stuck and failed to move!
[2014.11.13-23.38.54:109][370]LogCharacterMovement: MyCharacter_C_0 is stuck and failed to move!
[2014.11.13-23.38.54:137][371]LogCharacterMovement: MyCharacter_C_0 is stuck and failed to move!
[2014.11.13-23.38.54:164][372]LogCharacterMovement: MyCharacter_C_0 is stuck and failed to move!
[2014.11.13-23.38.54:192][373]LogCharacterMovement: MyCharacter_C_0 is stuck and failed to move!
[2014.11.13-23.38.54:219][374]LogCharacterMovement: MyCharacter_C_0 is stuck and failed to move!
[2014.11.13-23.38.54:247][375]LogCharacterMovement: MyCharacter_C_0 is stuck and failed to move!
[2014.11.13-23.38.54:275][376]LogCharacterMovement: MyCharacter_C_0 is stuck and failed to move!
[2014.11.13-23.38.54:302][377]LogCharacterMovement: MyCharacter_C_0 is stuck and failed to move!
[2014.11.13-23.38.54:330][378]LogCharacterMovement: MyCharacter_C_0 is stuck and failed to move!
[2014.11.13-23.38.54:357][379]LogCharacterMovement: MyCharacter_C_0 is stuck and failed to move!
[2014.11.13-23.38.54:385][380]LogCharacterMovement: MyCharacter_C_0 is stuck and failed to move!
[2014.11.13-23.38.54:526][385]LogCharacterMovement: MyCharacter_C_0 is stuck and failed to move!
[2014.11.13-23.39.02:512][675]LogNet: Browse: 127.0.0.1//Game/Maps/Example_Map
[2014.11.13-23.39.02:512][675]LogInit: WinSock: Socket queue 32768 / 32768
[2014.11.13-23.39.02:526][675]LogInit: WinSock: I am Crow_Nest (10.41.34.145:0)
[2014.11.13-23.39.02:526][675]LogNet: Game client on port 7777, rate 10000
[2014.11.13-23.39.06:276][812]LogBlueprintUserMessages: NO LONGER RECORDING
[2014.11.13-23.39.06:751][830]LogBlueprintUserMessages: NO LONGER RECORDING
[2014.11.13-23.39.06:833][833]LogBlueprintUserMessages: Done with first array
[2014.11.13-23.39.06:860][834]LogBlueprintUserMessages: Done with first array
[2014.11.13-23.39.06:887][835]LogBlueprintUserMessages: Done with first array
[2014.11.13-23.39.06:914][836]LogBlueprintUserMessages: Done with first array
[2014.11.13-23.39.06:940][837]LogBlueprintUserMessages: Done with first array
[2014.11.13-23.39.06:967][838]LogBlueprintUserMessages: Done with first array
[2014.11.13-23.39.06:994][839]LogBlueprintUserMessages: Done with first array
[2014.11.13-23.39.07:020][840]LogBlueprintUserMessages: Done with first array
[2014.11.13-23.39.07:047][841]LogBlueprintUserMessages: Done with first array
[2014.11.13-23.39.07:075][842]LogBlueprintUserMessages: Done with first array
[2014.11.13-23.39.07:102][843]LogBlueprintUserMessages: Done with first array
[2014.11.13-23.39.07:131][844]LogBlueprintUserMessages: Done with first array
[2014.11.13-23.39.07:159][845]LogBlueprintUserMessages: Done with first array
[2014.11.13-23.39.07:185][846]LogBlueprintUserMessages: Done with first array
[2014.11.13-23.39.07:212][847]LogBlueprintUserMessages: Done with first array
[2014.11.13-23.39.07:239][848]LogBlueprintUserMessages: Done with first array
[2014.11.13-23.39.07:265][849]LogBlueprintUserMessages: Done with first array
[2014.11.13-23.39.07:292][850]LogBlueprintUserMessages: Done with first array
[2014.11.13-23.39.07:319][851]LogBlueprintUserMessages: Done with first array
[2014.11.13-23.39.07:346][852]LogBlueprintUserMessages: Done with first array
[2014.11.13-23.39.07:373][853]LogBlueprintUserMessages: Done with first array
[2014.11.13-23.39.07:399][854]LogBlueprintUserMessages: Done with first array
[2014.11.13-23.39.07:426][855]LogBlueprintUserMessages: Done with first array
[2014.11.13-23.39.07:455][856]LogBlueprintUserMessages: Done with first array
[2014.11.13-23.39.07:482][857]LogBlueprintUserMessages: Done with first array
[2014.11.13-23.39.07:510][858]LogBlueprintUserMessages: Done with first array
[2014.11.13-23.39.07:537][859]LogBlueprintUserMessages: Done with first array
[2014.11.13-23.39.07:564][860]LogBlueprintUserMessages: Done with first array
[2014.11.13-23.39.07:592][861]LogBlueprintUserMessages: Done with first array
[2014.11.13-23.39.07:619][862]LogBlueprintUserMessages: Done with first array
[2014.11.13-23.39.07:646][863]LogBlueprintUserMessages: Done with first array
[2014.11.13-23.39.07:673][864]LogBlueprintUserMessages: Done with first array
[2014.11.13-23.39.07:700][865]LogBlueprintUserMessages: Done with first array
[2014.11.13-23.39.07:728][866]LogBlueprintUserMessages: Done with first array
[2014.11.13-23.39.07:754][867]LogBlueprintUserMessages: Done with first array
[2014.11.13-23.39.07:796][868]LogBlueprintUserMessages: Done with first array
[2014.11.13-23.39.07:823][869]LogBlueprintUserMessages: Done with first array
[2014.11.13-23.39.07:849][870]LogBlueprintUserMessages: Done with first array
[2014.11.13-23.39.07:876][871]LogBlueprintUserMessages: Done with first array
[2014.11.13-23.39.07:903][872]LogBlueprintUserMessages: Done with first array
[2014.11.13-23.39.07:930][873]LogBlueprintUserMessages: Done with first array
[2014.11.13-23.39.07:957][874]LogBlueprintUserMessages: Done with first array
[2014.11.13-23.39.07:984][875]LogBlueprintUserMessages: Done with first array
[2014.11.13-23.39.08:011][876]LogBlueprintUserMessages: Done with first array
[2014.11.13-23.39.08:039][877]LogBlueprintUserMessages: Done with first array
[2014.11.13-23.39.08:065][878]LogBlueprintUserMessages: Done with first array
[2014.11.13-23.39.08:092][879]LogBlueprintUserMessages: Done with first array
[2014.11.13-23.39.08:121][880]LogBlueprintUserMessages: Done with first array
[2014.11.13-23.39.08:147][881]LogBlueprintUserMessages: Done with first array
[2014.11.13-23.39.08:174][882]LogBlueprintUserMessages: Done with first array
[2014.11.13-23.39.08:200][883]LogBlueprintUserMessages: Done with first array
[2014.11.13-23.39.08:227][884]LogBlueprintUserMessages: Done with first array
[2014.11.13-23.39.08:253][885]LogBlueprintUserMessages: Done with first array
[2014.11.13-23.39.08:280][886]LogBlueprintUserMessages: Done with first array
[2014.11.13-23.39.08:307][887]LogBlueprintUserMessages: Done with first array
[2014.11.13-23.39.08:333][888]LogBlueprintUserMessages: Done with first array
[2014.11.13-23.39.08:360][889]LogBlueprintUserMessages: Done with first array
[2014.11.13-23.39.08:386][890]LogBlueprintUserMessages: Done with first array
[2014.11.13-23.39.08:413][891]LogBlueprintUserMessages: Done with first array
[2014.11.13-23.39.08:439][892]LogBlueprintUserMessages: Done with first array
[2014.11.13-23.39.08:465][893]LogBlueprintUserMessages: Done with first array
[2014.11.13-23.39.08:491][894]LogBlueprintUserMessages: Done with first array
[2014.11.13-23.39.08:516][895]LogBlueprintUserMessages: Done with first array
[2014.11.13-23.39.08:542][896]LogBlueprintUserMessages: Done with first array
[2014.11.13-23.39.08:568][897]LogBlueprintUserMessages: Done with first array
[2014.11.13-23.39.08:594][898]LogBlueprintUserMessages: Done with first array
[2014.11.13-23.39.08:620][899]LogBlueprintUserMessages: Done with first array
[2014.11.13-23.39.08:646][900]LogBlueprintUserMessages: Done with first array
[2014.11.13-23.39.08:672][901]LogBlueprintUserMessages: Done with first array
[2014.11.13-23.39.08:697][902]LogBlueprintUserMessages: Done with first array
[2014.11.13-23.39.08:723][903]LogBlueprintUserMessages: Done with first array
[2014.11.13-23.39.08:749][904]LogBlueprintUserMessages: Done with first array
[2014.11.13-23.39.08:777][905]LogBlueprintUserMessages: Done with first array
[2014.11.13-23.39.08:804][906]LogBlueprintUserMessages: Done with first array
[2014.11.13-23.39.08:830][907]LogBlueprintUserMessages: Done with first array
[2014.11.13-23.39.08:857][908]LogBlueprintUserMessages: Done with first array
[2014.11.13-23.39.08:884][909]LogBlueprintUserMessages: Done with first array
[2014.11.13-23.39.08:911][910]LogBlueprintUserMessages: Done with first array
[2014.11.13-23.39.08:937][911]LogBlueprintUserMessages: Done with first array
[2014.11.13-23.39.08:964][912]LogBlueprintUserMessages: Done with first array
[2014.11.13-23.39.08:991][913]LogBlueprintUserMessages: Done with first array
[2014.11.13-23.39.09:017][914]LogBlueprintUserMessages: Done with first array
[2014.11.13-23.39.09:044][915]LogBlueprintUserMessages: Done with first array
[2014.11.13-23.39.09:070][916]LogBlueprintUserMessages: Done with first array
[2014.11.13-23.39.09:097][917]LogBlueprintUserMessages: Done with first array
[2014.11.13-23.39.09:125][918]LogBlueprintUserMessages: Done with first array
[2014.11.13-23.39.09:152][919]LogBlueprintUserMessages: Done with first array
[2014.11.13-23.39.09:178][920]LogBlueprintUserMessages: Done with first array
[2014.11.13-23.39.09:205][921]LogBlueprintUserMessages: Done with first array
[2014.11.13-23.39.09:232][922]LogBlueprintUserMessages: Done with first array
[2014.11.13-23.39.09:258][923]LogBlueprintUserMessages: Done with first array
[2014.11.13-23.39.09:284][924]LogBlueprintUserMessages: Done with first array
[2014.11.13-23.39.09:311][925]LogBlueprintUserMessages: Done with first array
[2014.11.13-23.39.09:338][926]LogBlueprintUserMessages: Done with first array
[2014.11.13-23.39.09:364][927]LogBlueprintUserMessages: Done with first array
[2014.11.13-23.39.09:391][928]LogBlueprintUserMessages: Done with first array
[2014.11.13-23.39.09:417][929]LogBlueprintUserMessages: Done with first array
[2014.11.13-23.39.09:446][930]LogBlueprintUserMessages: Done with first array
[2014.11.13-23.39.09:473][931]LogBlueprintUserMessages: Done with first array
[2014.11.13-23.39.09:499][932]LogBlueprintUserMessages: Done with first array
[2014.11.13-23.39.09:526][933]LogBlueprintUserMessages: Done with first array
[2014.11.13-23.39.09:552][934]LogBlueprintUserMessages: Done with first array
[2014.11.13-23.39.09:579][935]LogBlueprintUserMessages: Done with first array
[2014.11.13-23.39.09:606][936]LogBlueprintUserMessages: Done with first array
[2014.11.13-23.39.09:632][937]LogBlueprintUserMessages: Done with first array
[2014.11.13-23.39.09:659][938]LogBlueprintUserMessages: Done with first array
[2014.11.13-23.39.09:685][939]LogBlueprintUserMessages: Done with first array
[2014.11.13-23.39.09:712][940]LogBlueprintUserMessages: Done with first array
[2014.11.13-23.39.09:738][941]LogBlueprintUserMessages: Done with first array
[2014.11.13-23.39.09:779][942]LogBlueprintUserMessages: Done with first array
[2014.11.13-23.39.09:806][943]LogBlueprintUserMessages: Done with first array
[2014.11.13-23.39.09:832][944]LogBlueprintUserMessages: Done with first array
[2014.11.13-23.39.09:859][945]LogBlueprintUserMessages: Done with first array
[2014.11.13-23.39.09:885][946]LogBlueprintUserMessages: Done with first array
[2014.11.13-23.39.09:911][947]LogBlueprintUserMessages: Done with first array
[2014.11.13-23.39.09:938][948]LogBlueprintUserMessages: Done with first array
[2014.11.13-23.39.09:964][949]LogBlueprintUserMessages: Done with first array
[2014.11.13-23.39.09:991][950]LogBlueprintUserMessages: Done with first array
[2014.11.13-23.39.10:017][951]LogBlueprintUserMessages: Done with first array
[2014.11.13-23.39.10:044][952]LogBlueprintUserMessages: Done with first array
[2014.11.13-23.39.10:070][953]LogBlueprintUserMessages: Done with first array
[2014.11.13-23.39.10:096][954]LogBlueprintUserMessages: Done with first array
[2014.11.13-23.39.10:125][955]LogBlueprintUserMessages: Done with first array
[2014.11.13-23.39.10:151][956]LogBlueprintUserMessages: Done with first array
[2014.11.13-23.39.10:178][957]LogBlueprintUserMessages: Done with first array
[2014.11.13-23.39.10:205][958]LogBlueprintUserMessages: Done with first array
[2014.11.13-23.39.10:231][959]LogBlueprintUserMessages: Done with first array
[2014.11.13-23.39.10:258][960]LogBlueprintUserMessages: Done with first array
[2014.11.13-23.39.10:284][961]LogBlueprintUserMessages: Done with first array
[2014.11.13-23.39.10:310][962]LogBlueprintUserMessages: Done with first array
[2014.11.13-23.39.10:337][963]LogBlueprintUserMessages: Done with first array
[2014.11.13-23.39.10:363][964]LogBlueprintUserMessages: Done with first array
[2014.11.13-23.39.10:390][965]LogBlueprintUserMessages: Done with first array
[2014.11.13-23.39.10:416][966]LogBlueprintUserMessages: Done with first array
[2014.11.13-23.39.10:442][967]LogBlueprintUserMessages: Done with first array
[2014.11.13-23.39.10:468][968]LogBlueprintUserMessages: Done with first array
[2014.11.13-23.39.10:493][969]LogBlueprintUserMessages: Done with first array
[2014.11.13-23.39.10:519][970]LogBlueprintUserMessages: Done with first array
[2014.11.13-23.39.10:545][971]LogBlueprintUserMessages: Done with first array
[2014.11.13-23.39.10:571][972]LogBlueprintUserMessages: Done with first array
[2014.11.13-23.39.10:597][973]LogBlueprintUserMessages: Done with first array
[2014.11.13-23.39.10:623][974]LogBlueprintUserMessages: Done with first array
[2014.11.13-23.39.10:648][975]LogBlueprintUserMessages: Done with first array
[2014.11.13-23.39.10:674][976]LogBlueprintUserMessages: Done with first array
[2014.11.13-23.39.10:700][977]LogBlueprintUserMessages: Done with first array
[2014.11.13-23.39.10:726][978]LogBlueprintUserMessages: Done with first array
[2014.11.13-23.39.10:830][979]LogEngine: All Windows Closed
[2014.11.13-23.39.10:830][979]LogWindows: FPlatformMisc::RequestExit(0)
[2014.11.13-23.39.11:016][980]LogNet: UNetConnection::Close: Name: IpConnection_0, Driver: PendingNetDriver IpNetDriver_0, PC: NULL, Owner: NULL, Channels: 2, RemoteAddr: 127.0.0.1:7777, Time: 2014.11.13-23.39.11
[2014.11.13-23.39.11:016][980]LogNet: UChannel::Close: Sending CloseBunch. ChIndex == 0. Name: ControlChannel_0
[2014.11.13-23.39.11:016][980]LogNet: DestroyNamedNetDriver IpNetDriver_0 [PendingNetDriver]
[2014.11.13-23.39.11:016][980]LogExit: PendingNetDriver IpNetDriver_0 shut down
[2014.11.13-23.39.11:017][980]LogExit: Preparing to exit.
[2014.11.13-23.39.11:064][980]LogExit: Game engine shut down
[2014.11.13-23.39.11:064][980]LogParticles: Destroying 0 GPU particle simulations for FXSystem 0x000000000B325260
[2014.11.13-23.39.11:087][980]LogExit: Object subsystem successfully closed.
[2014.11.13-23.39.11:122][980]LogModuleManager: Shutting down and abandoning module AndroidDeviceDetection (94)
[2014.11.13-23.39.11:122][980]LogModuleManager: Shutting down and abandoning module AutomationWorker (93)
[2014.11.13-23.39.11:122][980]LogModuleManager: Shutting down and abandoning module CharacterAI (92)
[2014.11.13-23.39.11:122][980]LogModuleManager: Shutting down and abandoning module GameplayDebugger (91)
[2014.11.13-23.39.11:122][980]LogModuleManager: Shutting down and abandoning module AIModule (90)
[2014.11.13-23.39.11:122][980]LogModuleManager: Shutting down and abandoning module GameLiveStreaming (89)
[2014.11.13-23.39.11:122][980]LogModuleManager: Shutting down and abandoning module StreamingPauseRendering (88)
[2014.11.13-23.39.11:122][980]LogModuleManager: Shutting down and abandoning module HTTP (87)
[2014.11.13-23.39.11:123][980]LogModuleManager: Shutting down and abandoning module AnalyticsET (86)
[2014.11.13-23.39.11:123][980]LogModuleManager: Shutting down and abandoning module Analytics (85)
[2014.11.13-23.39.11:123][980]LogModuleManager: Shutting down and abandoning module ProfilerService (84)
[2014.11.13-23.39.11:219][980]LogModuleManager: Shutting down and abandoning module TaskGraph (83)
[2014.11.13-23.39.11:219][980]LogModuleManager: Shutting down and abandoning module SlateRemote (82)
[2014.11.13-23.39.11:219][980]LogModuleManager: Shutting down and abandoning module CustomMeshComponent (81)
[2014.11.13-23.39.11:219][980]LogModuleManager: Shutting down and abandoning module CableComponent (80)
[2014.11.13-23.39.11:219][980]LogModuleManager: Shutting down and abandoning module DesktopPlatform (79)
[2014.11.13-23.39.11:219][980]LogModuleManager: Shutting down and abandoning module DirectoryWatcher (78)
[2014.11.13-23.39.11:219][980]LogModuleManager: Shutting down and abandoning module HotReload (77)
[2014.11.13-23.39.11:219][980]LogModuleManager: Shutting down and abandoning module VisualStudioSourceCodeAccess (76)
[2014.11.13-23.39.11:219][980]LogModuleManager: Shutting down and abandoning module UObjectPlugin (75)
[2014.11.13-23.39.11:219][980]LogModuleManager: Shutting down and abandoning module SubversionSourceControl (74)
[2014.11.13-23.39.11:219][980]LogModuleManager: Shutting down and abandoning module SourceControl (73)
[2014.11.13-23.39.11:219][980]LogModuleManager: Shutting down and abandoning module PerforceSourceControl (72)
[2014.11.13-23.39.11:219][980]LogModuleManager: Shutting down and abandoning module BlankPlugin (71)
[2014.11.13-23.39.11:219][980]LogModuleManager: Shutting down and abandoning module ScriptPlugin (70)
[2014.11.13-23.39.11:219][980]LogModuleManager: Shutting down and abandoning module UdpMessaging (69)
[2014.11.13-23.39.11:219][980]LogModuleManager: Shutting down and abandoning module Paper2D (68)
[2014.11.13-23.39.11:219][980]LogModuleManager: Shutting down and abandoning module WindowsMoviePlayer (67)
[2014.11.13-23.39.11:219][980]LogModuleManager: Shutting down and abandoning module Media (66)
[2014.11.13-23.39.11:219][980]LogModuleManager: Shutting down and abandoning module WmfMedia (65)
[2014.11.13-23.39.11:219][980]LogModuleManager: Shutting down and abandoning module OnlineBlueprintSupport (64)
[2014.11.13-23.39.11:219][980]LogModuleManager: Shutting down and abandoning module FunctionalTesting (63)
[2014.11.13-23.39.11:219][980]LogModuleManager: Shutting down and abandoning module CollisionAnalyzer (62)
[2014.11.13-23.39.11:219][980]LogModuleManager: Shutting down and abandoning module WorkspaceMenuStructure (61)
[2014.11.13-23.39.11:219][980]LogModuleManager: Shutting down and abandoning module MessageLog (60)
[2014.11.13-23.39.11:219][980]LogModuleManager: Shutting down and abandoning module Sequencer (59)
[2014.11.13-23.39.11:219][980]LogModuleManager: Shutting down and abandoning module AssetTools (58)
[2014.11.13-23.39.11:219][980]LogModuleManager: Shutting down and abandoning module UMGEditor (57)
[2014.11.13-23.39.11:219][980]LogModuleManager: Shutting down and abandoning module UMG (56)
[2014.11.13-23.39.11:220][980]LogModuleManager: Shutting down and abandoning module Slate (55)
[2014.11.13-23.39.11:220][980]LogModuleManager: Shutting down and abandoning module EditorStyle (54)
[2014.11.13-23.39.11:221][980]LogModuleManager: Shutting down and abandoning module SessionServices (53)
[2014.11.13-23.39.11:221][980]LogModuleManager: Shutting down and abandoning module SourceCodeAccess (52)
[2014.11.13-23.39.11:221][980]LogModuleManager: Shutting down and abandoning module HeadMountedDisplay (51)
[2014.11.13-23.39.11:221][980]LogModuleManager: Shutting down and abandoning module XAudio2 (50)
[2014.11.13-23.39.11:221][980]LogModuleManager: Shutting down and abandoning module Networking (48)
[2014.11.13-23.39.11:221][980]LogModuleManager: Shutting down and abandoning module Core (47)
[2014.11.13-23.39.11:221][980]LogModuleManager: Shutting down and abandoning module KismetCompiler (46)
[2014.11.13-23.39.11:221][980]LogModuleManager: Shutting down and abandoning module PhysXFormats (45)
[2014.11.13-23.39.11:221][980]LogModuleManager: Shutting down and abandoning module MeshUtilities (44)
[2014.11.13-23.39.11:221][980]LogModuleManager: Shutting down and abandoning module DerivedDataCache (43)
[2014.11.13-23.39.11:420][980]LogDerivedDataCache: Shutdown
[2014.11.13-23.39.11:420][980]LogModuleManager: Shutting down and abandoning module ShaderFormatOpenGL (42)
[2014.11.13-23.39.11:420][980]LogModuleManager: Shutting down and abandoning module ShaderFormatD3D (41)
[2014.11.13-23.39.11:420][980]LogModuleManager: Shutting down and abandoning module MetalShaderFormat (40)
[2014.11.13-23.39.11:420][980]LogModuleManager: Shutting down and abandoning module TextureFormatUncompressed (39)
[2014.11.13-23.39.11:420][980]LogModuleManager: Shutting down and abandoning module TextureFormatPVR (38)
[2014.11.13-23.39.11:420][980]LogModuleManager: Shutting down and abandoning module TextureFormatDXT (37)
[2014.11.13-23.39.11:420][980]LogModuleManager: Shutting down and abandoning module TextureFormatAndroid (36)
[2014.11.13-23.39.11:420][980]LogModuleManager: Shutting down and abandoning module AudioFormatOpus (35)
[2014.11.13-23.39.11:420][980]LogModuleManager: Shutting down and abandoning module AudioFormatOgg (34)
[2014.11.13-23.39.11:420][980]LogModuleManager: Shutting down and abandoning module AudioFormatADPCM (33)
[2014.11.13-23.39.11:420][980]LogModuleManager: Shutting down and abandoning module Messaging (32)
[2014.11.13-23.39.11:420][980]LogModuleManager: Shutting down and abandoning module IOSTargetPlatform (31)
[2014.11.13-23.39.11:420][980]LogModuleManager: Shutting down and abandoning module Android_PVRTCTargetPlatform (30)
[2014.11.13-23.39.11:420][980]LogModuleManager: Shutting down and abandoning module Android_ETC2TargetPlatform (29)
[2014.11.13-23.39.11:420][980]LogModuleManager: Shutting down and abandoning module Android_ETC1TargetPlatform (28)
[2014.11.13-23.39.11:420][980]LogModuleManager: Shutting down and abandoning module Android_DXTTargetPlatform (27)
[2014.11.13-23.39.11:420][980]LogModuleManager: Shutting down and abandoning module Android_ATCTargetPlatform (26)
[2014.11.13-23.39.11:420][980]LogModuleManager: Shutting down and abandoning module AndroidTargetPlatform (25)
[2014.11.13-23.39.11:420][980]LogModuleManager: Shutting down and abandoning module WindowsTargetPlatform (24)
[2014.11.13-23.39.11:420][980]LogModuleManager: Shutting down and abandoning module WindowsServerTargetPlatform (23)
[2014.11.13-23.39.11:420][980]LogModuleManager: Shutting down and abandoning module WindowsNoEditorTargetPlatform (22)
[2014.11.13-23.39.11:420][980]LogModuleManager: Shutting down and abandoning module WindowsClientTargetPlatform (21)
[2014.11.13-23.39.11:420][980]LogModuleManager: Shutting down and abandoning module TargetPlatform (20)
[2014.11.13-23.39.11:420][980]LogModuleManager: Shutting down and abandoning module InputCore (19)
[2014.11.13-23.39.11:420][980]LogModuleManager: Shutting down and abandoning module Settings (18)
[2014.11.13-23.39.11:420][980]LogModuleManager: Shutting down and abandoning module ImageWrapper (17)
[2014.11.13-23.39.11:420][980]LogModuleManager: Shutting down and abandoning module OculusRift (14)
[2014.11.13-23.39.11:420][980]LogModuleManager: Shutting down and abandoning module ExampleDeviceProfileSelector (13)
[2014.11.13-23.39.11:420][980]LogModuleManager: Shutting down and abandoning module TextureCompressor (12)
[2014.11.13-23.39.11:420][980]LogModuleManager: Shutting down and abandoning module ShaderCore (11)
[2014.11.13-23.39.11:420][980]LogModuleManager: Shutting down and abandoning module SlateRHIRenderer (10)
[2014.11.13-23.39.11:420][980]LogModuleManager: Shutting down and abandoning module OpenGLDrv (9)
[2014.11.13-23.39.11:420][980]LogModuleManager: Shutting down and abandoning module D3D11RHI (8)
[2014.11.13-23.39.11:420][980]LogModuleManager: Shutting down and abandoning module Renderer (7)
[2014.11.13-23.39.11:420][980]LogModuleManager: Shutting down and abandoning module Engine (6)
[2014.11.13-23.39.11:420][980]LogModuleManager: Shutting down and abandoning module CoreUObject (5)
[2014.11.13-23.39.11:420][980]LogModuleManager: Shutting down and abandoning module NetworkFile (4)
[2014.11.13-23.39.11:420][980]LogModuleManager: Shutting down and abandoning module StreamingFile (3)
[2014.11.13-23.39.11:420][980]LogModuleManager: Shutting down and abandoning module SandboxFile (2)
[2014.11.13-23.39.11:420][980]LogModuleManager: Shutting down and abandoning module PakFile (1)
[2014.11.13-23.39.11:421][980]LogExit: Exiting.
[2014.11.13-23.39.11:421][980]Log file closed, 11/13/14 18:39:11
